
[2021-04-30T15:28:58.921] [INFO] request - read event with id: 1007
[2021-04-30T15:28:58.929] [INFO] response - read event success: [object Object]
[2021-04-30T15:29:06.685] [INFO] request - delete event
[2021-04-30T15:29:43.009] [INFO] response - delete event success: [object Object]
[2021-04-30T15:29:43.016] [INFO] request - read event with id: 1007
[2021-04-30T15:29:43.021] [INFO] response - read event success: [object Object]
[2021-04-30T15:29:48.132] [INFO] request - read event with id: 1007
[2021-04-30T15:29:48.135] [INFO] response - read event success: [object Object]
[2021-04-30T15:29:50.617] [INFO] request - read event with id: 1007
[2021-04-30T15:29:50.623] [INFO] response - read event success: [object Object]
[2021-04-30T15:29:51.778] [INFO] request - get events list
[2021-04-30T15:29:51.780] [INFO] response - events list : [object Object],[object Object],[object Object],[object Object],[object Object]
[2021-04-30T15:30:17.720] [INFO] request - read event with id: 1007
[2021-04-30T15:30:17.746] [INFO] response - read event success: [object Object]
[2021-04-30T15:30:22.401] [INFO] request - delete event
[2021-04-30T15:30:24.990] [INFO] response - delete event success: [object Object]
[2021-04-30T15:30:25.074] [INFO] request - read event with id: 1007
[2021-04-30T15:30:25.078] [INFO] response - read event success: [object Object]
[2021-04-30T15:30:38.333] [INFO] request - get events list
[2021-04-30T15:30:38.349] [INFO] response - events list : [object Object],[object Object],[object Object],[object Object],[object Object]
[2021-04-30T15:30:47.383] [INFO] request - read event with id: 1008
[2021-04-30T15:30:47.388] [INFO] response - read event success: [object Object]
[2021-04-30T15:30:52.121] [INFO] request - delete event
[2021-04-30T15:30:53.026] [INFO] response - delete event success: [object Object]
[2021-04-30T15:30:53.036] [INFO] request - read event with id: 1008
[2021-04-30T15:30:53.049] [INFO] response - read event success: [object Object]
[2021-04-30T15:31:42.884] [INFO] request - get venue list
[2021-04-30T15:31:42.886] [INFO] response - get venue list success: [object Object],[object Object],[object Object]
[2021-04-30T15:31:47.040] [INFO] request - update event
[2021-04-30T15:31:47.054] [INFO] response - update event success: [object Object]
[2021-04-30T15:31:47.971] [INFO] request - read event with id: 1008
[2021-04-30T15:31:47.973] [INFO] response - read event success: [object Object]
[2021-04-30T15:32:02.036] [INFO] request - get venue list
[2021-04-30T15:32:02.045] [INFO] response - get venue list success: [object Object],[object Object],[object Object]
[2021-04-30T15:32:06.629] [INFO] request - update event
[2021-04-30T15:32:06.645] [INFO] response - update event success: [object Object]
[2021-04-30T15:32:15.639] [INFO] request - read event with id: 1008
[2021-04-30T15:32:15.644] [INFO] response - read event success: [object Object]
[2021-04-30T15:56:34.775] [INFO] request - read event with id: 1008
[2021-04-30T15:56:34.790] [INFO] response - read event success: [object Object]
[2021-04-30T15:56:40.941] [INFO] request - delete event
[2021-04-30T15:56:42.212] [INFO] response - delete event success: [object Object]
[2021-04-30T15:56:45.391] [INFO] request - read event with id: 1008
[2021-04-30T15:56:45.395] [INFO] response - read event success: [object Object]
[2021-04-30T15:56:59.630] [INFO] request - delete event
[2021-04-30T15:57:00.479] [INFO] response - delete event success: [object Object]
[2021-04-30T15:57:03.732] [INFO] request - read event with id: 1008
[2021-04-30T15:57:03.750] [INFO] response - read event success: [object Object]
[2021-04-30T15:57:17.992] [INFO] request - delete event
[2021-04-30T15:57:20.435] [INFO] response - delete event success: [object Object]
[2021-04-30T15:57:22.966] [INFO] request - read event with id: 1008
[2021-04-30T15:57:22.971] [INFO] response - read event success: [object Object]
[2021-04-30T15:58:17.438] [INFO] request - delete event
[2021-04-30T15:58:54.372] [INFO] response - delete event success: [object Object]
[2021-04-30T15:59:02.906] [INFO] request - read event with id: 1008
[2021-04-30T15:59:02.921] [INFO] response - read event success: [object Object]
[2021-05-01T00:18:01.651] [INFO] request - get events list
[2021-05-01T00:18:01.673] [INFO] response - events list : [object Object],[object Object],[object Object]
[2021-05-01T00:20:28.348] [INFO] request - get events list
[2021-05-01T00:20:28.369] [INFO] response - events list : [object Object],[object Object],[object Object]
[2021-05-01T00:23:37.034] [INFO] request - get events list
[2021-05-01T00:23:37.052] [INFO] response - events list : [object Object],[object Object],[object Object]
