[2021-05-02T02:34:30.893] [INFO] request - get events list
[2021-05-02T02:34:30.899] [INFO] response - events list : [object Object]
[2021-05-02T02:56:20.560] [INFO] request - Getting list of all sports of CountryClub.
[2021-05-02T02:59:00.694] [INFO] request - Getting list of all sports of CountryClub.
[2021-05-02T02:59:00.723] [INFO] response - Sports list : [object Object],[object Object],[object Object],[object Object],[object Object],[object Object],[object Object],[object Object],[object Object]
[2021-05-02T02:59:01.042] [INFO] request - Getting list of all sports of CountryClub.
[2021-05-02T02:59:01.044] [INFO] response - Sports list : [object Object],[object Object],[object Object],[object Object],[object Object],[object Object],[object Object],[object Object],[object Object]
[2021-05-02T03:00:23.003] [INFO] request - Getting list of all sports of CountryClub.
[2021-05-02T03:00:23.009] [INFO] response - Sports list : [object Object],[object Object],[object Object],[object Object],[object Object],[object Object],[object Object],[object Object],[object Object]
[2021-05-02T03:00:23.234] [INFO] request - Getting list of all sports of CountryClub.
[2021-05-02T03:00:23.236] [INFO] response - Sports list : [object Object],[object Object],[object Object],[object Object],[object Object],[object Object],[object Object],[object Object],[object Object]
[2021-05-02T03:00:56.708] [INFO] request - Getting list of all available slots of a particular sport.
[2021-05-02T03:00:56.709] [INFO] response - Available Booking Slots list : [object Object],[object Object],[object Object],[object Object],[object Object],[object Object],[object Object],[object Object],[object Object],[object Object],[object Object],[object Object]
[2021-05-02T03:01:03.623] [INFO] request - Insertion of booking details
[2021-05-02T03:01:03.627] [INFO] response - Booking details of the user : [object Object]
[2021-05-02T03:01:10.038] [INFO] request - Getting sports booking history
[2021-05-02T03:01:10.039] [INFO] response - Booking history : [object Object],[object Object],[object Object],[object Object],[object Object]
[2021-05-02T03:01:37.848] [INFO] request - Getting list of all sports of CountryClub.
[2021-05-02T03:01:37.855] [INFO] response - Sports list : [object Object],[object Object],[object Object],[object Object],[object Object],[object Object],[object Object],[object Object],[object Object]
[2021-05-02T03:01:37.997] [INFO] request - Getting list of all sports of CountryClub.
[2021-05-02T03:01:37.998] [INFO] response - Sports list : [object Object],[object Object],[object Object],[object Object],[object Object],[object Object],[object Object],[object Object],[object Object]
[2021-05-02T03:02:02.080] [INFO] request - Getting sports booking history
[2021-05-02T03:02:02.081] [INFO] response - Booking history : [object Object],[object Object],[object Object],[object Object],[object Object]
[2021-05-02T03:02:11.202] [INFO] request - get events list
[2021-05-02T03:02:11.204] [INFO] response - events list : [object Object]
[2021-05-02T03:02:20.235] [INFO] request - Getting list of all sports of CountryClub.
[2021-05-02T03:02:20.240] [INFO] response - Sports list : [object Object],[object Object],[object Object],[object Object],[object Object],[object Object],[object Object],[object Object],[object Object]
[2021-05-02T03:02:20.535] [INFO] request - Getting list of all sports of CountryClub.
[2021-05-02T03:02:20.535] [INFO] response - Sports list : [object Object],[object Object],[object Object],[object Object],[object Object],[object Object],[object Object],[object Object],[object Object]
[2021-05-02T03:02:23.137] [INFO] request - get events list
[2021-05-02T03:02:23.138] [INFO] response - events list : [object Object]
[2021-05-02T03:02:24.281] [INFO] request - get venue list
[2021-05-02T03:02:24.282] [INFO] response - get venue list success: [object Object],[object Object],[object Object],[object Object],[object Object],[object Object],[object Object],[object Object],[object Object],[object Object],[object Object],[object Object]
[2021-05-02T03:02:37.133] [INFO] request - create new event
[2021-05-02T03:02:37.139] [ERROR] request - create new event error ER_NO_REFERENCED_ROW_2: Cannot add or update a child row: a foreign key constraint fails (`countryclub`.`event`, CONSTRAINT `event_ibfk_2` FOREIGN KEY (`organized_by`) REFERENCES `user` (`user_id`) ON DELETE CASCADE ON UPDATE CASCADE)
